<?xml version="1.0" encoding="UTF-8"?>
<testsuite name="edu.coursera.concurrent.BoruvkaPerformanceTest" time="230.405" tests="2" errors="0" skipped="0" failures="2">
  <properties>
[...]
</properties>
  <testcase name="testInputUSAroadFLA" classname="edu.coursera.concurrent.BoruvkaPerformanceTest" time="113.842">
    <failure message="Expected speedup of at least 1.700000x, but was 1.294919x" type="junit.framework.AssertionFailedError">junit.framework.AssertionFailedError: Expected speedup of at least 1.700000x, but was 1.294919x
	at junit.framework.Assert.fail(Assert.java:47)
	at junit.framework.Assert.assertTrue(Assert.java:20)
	at edu.coursera.concurrent.BoruvkaPerformanceTest.testInputUSAroadFLA(BoruvkaPerformanceTest.java:113)
</failure>
    <system-err><![CDATA[  src/main/resources/boruvka/USA-road-d.FLA.gr.gz - edu.coursera.concurrent.boruvka.sequential.SeqBoruvka - 2893
  src/main/resources/boruvka/USA-road-d.FLA.gr.gz - edu.coursera.concurrent.boruvka.sequential.SeqBoruvka - 3101
  src/main/resources/boruvka/USA-road-d.FLA.gr.gz - edu.coursera.concurrent.boruvka.sequential.SeqBoruvka - 2472
  src/main/resources/boruvka/USA-road-d.FLA.gr.gz - edu.coursera.concurrent.boruvka.sequential.SeqBoruvka - 3338
  src/main/resources/boruvka/USA-road-d.FLA.gr.gz - edu.coursera.concurrent.boruvka.sequential.SeqBoruvka - 3389
  src/main/resources/boruvka/USA-road-d.FLA.gr.gz - edu.coursera.concurrent.ParBoruvka - 3870
  src/main/resources/boruvka/USA-road-d.FLA.gr.gz - edu.coursera.concurrent.ParBoruvka - 3557
  src/main/resources/boruvka/USA-road-d.FLA.gr.gz - edu.coursera.concurrent.ParBoruvka - 1909
  src/main/resources/boruvka/USA-road-d.FLA.gr.gz - edu.coursera.concurrent.ParBoruvka - 3112
  src/main/resources/boruvka/USA-road-d.FLA.gr.gz - edu.coursera.concurrent.ParBoruvka - 2716
]]></system-err>
  </testcase>
  <testcase name="testInputUSAroadNE" classname="edu.coursera.concurrent.BoruvkaPerformanceTest" time="116.563">
    <failure message="expected:&lt;1524452&gt; but was:&lt;1524459&gt;" type="junit.framework.AssertionFailedError"><![CDATA[junit.framework.AssertionFailedError: expected:<1524452> but was:<1524459>
	at junit.framework.Assert.fail(Assert.java:47)
	at junit.framework.Assert.failNotEquals(Assert.java:280)
	at junit.framework.Assert.assertEquals(Assert.java:64)
	at junit.framework.Assert.assertEquals(Assert.java:133)
	at junit.framework.Assert.assertEquals(Assert.java:139)
	at edu.coursera.concurrent.BoruvkaPerformanceTest.testInputUSAroadNE(BoruvkaPerformanceTest.java:121)
]]></failure>
    <system-err><![CDATA[  src/main/resources/boruvka/USA-road-d.NE.gr.gz - edu.coursera.concurrent.boruvka.sequential.SeqBoruvka - 3687
  src/main/resources/boruvka/USA-road-d.NE.gr.gz - edu.coursera.concurrent.boruvka.sequential.SeqBoruvka - 2974
  src/main/resources/boruvka/USA-road-d.NE.gr.gz - edu.coursera.concurrent.boruvka.sequential.SeqBoruvka - 3021
  src/main/resources/boruvka/USA-road-d.NE.gr.gz - edu.coursera.concurrent.boruvka.sequential.SeqBoruvka - 3046
  src/main/resources/boruvka/USA-road-d.NE.gr.gz - edu.coursera.concurrent.boruvka.sequential.SeqBoruvka - 2959
  src/main/resources/boruvka/USA-road-d.NE.gr.gz - edu.coursera.concurrent.ParBoruvka - 4039
  src/main/resources/boruvka/USA-road-d.NE.gr.gz - edu.coursera.concurrent.ParBoruvka - 4181
  src/main/resources/boruvka/USA-road-d.NE.gr.gz - edu.coursera.concurrent.ParBoruvka - 4432
  src/main/resources/boruvka/USA-road-d.NE.gr.gz - edu.coursera.concurrent.ParBoruvka - 5509
  src/main/resources/boruvka/USA-road-d.NE.gr.gz - edu.coursera.concurrent.ParBoruvka - 4089
]]></system-err>
  </testcase>
</testsuite>